2024-03-28 18:51:56.627633+00:00 [notice] <0.248.0> Logging: configured log handlers are now ACTIVE
2024-03-28 18:51:56.634490+00:00 [info] <0.248.0> ra: starting system quorum_queues
2024-03-28 18:51:56.634549+00:00 [info] <0.248.0> starting Ra system: quorum_queues in directory: /var/lib/rabbitmq/mnesia/rabbit@73e2d492080d/quorum/rabbit@73e2d492080d
2024-03-28 18:51:56.684589+00:00 [info] <0.263.0> ra system 'quorum_queues' running pre init for 0 registered servers
2024-03-28 18:51:56.693543+00:00 [info] <0.264.0> ra: meta data store initialised for system quorum_queues. 0 record(s) recovered
2024-03-28 18:51:56.704441+00:00 [notice] <0.269.0> WAL: ra_log_wal init, open tbls: ra_log_open_mem_tables, closed tbls: ra_log_closed_mem_tables
2024-03-28 18:51:56.710351+00:00 [info] <0.248.0> ra: starting system coordination
2024-03-28 18:51:56.710400+00:00 [info] <0.248.0> starting Ra system: coordination in directory: /var/lib/rabbitmq/mnesia/rabbit@73e2d492080d/coordination/rabbit@73e2d492080d
2024-03-28 18:51:56.713016+00:00 [info] <0.276.0> ra system 'coordination' running pre init for 0 registered servers
2024-03-28 18:51:56.714633+00:00 [info] <0.277.0> ra: meta data store initialised for system coordination. 0 record(s) recovered
2024-03-28 18:51:56.714751+00:00 [notice] <0.282.0> WAL: ra_coordination_log_wal init, open tbls: ra_coordination_log_open_mem_tables, closed tbls: ra_coordination_log_closed_mem_tables
2024-03-28 18:51:56.716872+00:00 [info] <0.248.0> ra: starting system coordination
2024-03-28 18:51:56.716932+00:00 [info] <0.248.0> starting Ra system: coordination in directory: /var/lib/rabbitmq/mnesia/rabbit@73e2d492080d/coordination/rabbit@73e2d492080d
2024-03-28 18:51:56.788641+00:00 [info] <0.248.0> Waiting for Khepri leader for 30000 ms, 9 retries left
2024-03-28 18:51:56.792446+00:00 [notice] <0.285.0> RabbitMQ metadata store: candidate -> leader in term: 1 machine version: 0
2024-03-28 18:51:56.802826+00:00 [info] <0.248.0> Khepri leader elected
2024-03-28 18:51:57.037319+00:00 [info] <0.248.0> 
2024-03-28 18:51:57.037319+00:00 [info] <0.248.0>  Starting RabbitMQ 3.13.0 on Erlang 26.2.2 [jit]
2024-03-28 18:51:57.037319+00:00 [info] <0.248.0>  Copyright (c) 2007-2024 Broadcom Inc and/or its subsidiaries
2024-03-28 18:51:57.037319+00:00 [info] <0.248.0>  Licensed under the MPL 2.0. Website: https://rabbitmq.com
2024-03-28 18:51:57.038316+00:00 [info] <0.248.0> 
2024-03-28 18:51:57.038316+00:00 [info] <0.248.0>  node           : rabbit@73e2d492080d
2024-03-28 18:51:57.038316+00:00 [info] <0.248.0>  home dir       : /var/lib/rabbitmq
2024-03-28 18:51:57.038316+00:00 [info] <0.248.0>  config file(s) : (none)
2024-03-28 18:51:57.038316+00:00 [info] <0.248.0>  cookie hash    : ncJJ1JZJg1+ufIbiKSjREw==
2024-03-28 18:51:57.038316+00:00 [info] <0.248.0>  log(s)         : /var/log/rabbitmq/rabbit@73e2d492080d.log
2024-03-28 18:51:57.038316+00:00 [info] <0.248.0>                 : <stdout>
2024-03-28 18:51:57.038316+00:00 [info] <0.248.0>  data dir       : /var/lib/rabbitmq/mnesia/rabbit@73e2d492080d
2024-03-28 18:51:57.107816+00:00 [info] <0.248.0> Running boot step pre_boot defined by app rabbit
2024-03-28 18:51:57.107863+00:00 [info] <0.248.0> Running boot step rabbit_global_counters defined by app rabbit
2024-03-28 18:51:57.108130+00:00 [info] <0.248.0> Running boot step rabbit_osiris_metrics defined by app rabbit
2024-03-28 18:51:57.108208+00:00 [info] <0.248.0> Running boot step rabbit_core_metrics defined by app rabbit
2024-03-28 18:51:57.108707+00:00 [info] <0.248.0> Running boot step rabbit_alarm defined by app rabbit
2024-03-28 18:51:57.119508+00:00 [info] <0.321.0> Memory high watermark set to 1569 MiB (1645530316 bytes) of 3923 MiB (4113825792 bytes) total
2024-03-28 18:51:57.122431+00:00 [info] <0.323.0> Enabling free disk space monitoring (disk free space: 54048817152, total memory: 4113825792)
2024-03-28 18:51:57.122473+00:00 [info] <0.323.0> Disk free limit set to 50MB
2024-03-28 18:51:57.123780+00:00 [info] <0.248.0> Running boot step code_server_cache defined by app rabbit
2024-03-28 18:51:57.123855+00:00 [info] <0.248.0> Running boot step file_handle_cache defined by app rabbit
2024-03-28 18:51:57.129059+00:00 [info] <0.326.0> Limiting to approx 1048479 file handles (943629 sockets)
2024-03-28 18:51:57.129208+00:00 [info] <0.327.0> FHC read buffering: OFF
2024-03-28 18:51:57.129231+00:00 [info] <0.327.0> FHC write buffering: ON
2024-03-28 18:51:57.129619+00:00 [info] <0.248.0> Running boot step worker_pool defined by app rabbit
2024-03-28 18:51:57.129677+00:00 [info] <0.308.0> Will use 8 processes for default worker pool
2024-03-28 18:51:57.129703+00:00 [info] <0.308.0> Starting worker pool 'worker_pool' with 8 processes in it
2024-03-28 18:51:57.130053+00:00 [info] <0.248.0> Running boot step database defined by app rabbit
2024-03-28 18:51:57.130667+00:00 [info] <0.248.0> Peer discovery: configured backend: rabbit_peer_discovery_classic_config
2024-03-28 18:51:57.131874+00:00 [notice] <0.309.0> Feature flags: attempt to enable `stream_update_config_command`...
2024-03-28 18:51:57.190220+00:00 [notice] <0.309.0> Feature flags: `stream_update_config_command` enabled
2024-03-28 18:51:57.190330+00:00 [notice] <0.309.0> Feature flags: attempt to enable `stream_filtering`...
2024-03-28 18:51:57.250164+00:00 [notice] <0.309.0> Feature flags: `stream_filtering` enabled
2024-03-28 18:51:57.250296+00:00 [notice] <0.309.0> Feature flags: attempt to enable `stream_sac_coordinator_unblock_group`...
2024-03-28 18:51:57.308058+00:00 [notice] <0.309.0> Feature flags: `stream_sac_coordinator_unblock_group` enabled
2024-03-28 18:51:57.308172+00:00 [notice] <0.309.0> Feature flags: attempt to enable `restart_streams`...
2024-03-28 18:51:57.365468+00:00 [notice] <0.309.0> Feature flags: `restart_streams` enabled
2024-03-28 18:51:57.365692+00:00 [notice] <0.309.0> Feature flags: attempt to enable `message_containers`...
2024-03-28 18:51:57.421635+00:00 [notice] <0.309.0> Feature flags: `message_containers` enabled
2024-03-28 18:51:57.423046+00:00 [info] <0.248.0> DB: virgin node -> run peer discovery
2024-03-28 18:51:57.435291+00:00 [notice] <0.44.0> Application mnesia exited with reason: stopped
2024-03-28 18:51:57.569876+00:00 [info] <0.248.0> Waiting for Mnesia tables for 30000 ms, 9 retries left
2024-03-28 18:51:57.569997+00:00 [info] <0.248.0> Successfully synced tables from a peer
2024-03-28 18:51:57.570080+00:00 [info] <0.248.0> Waiting for Mnesia tables for 30000 ms, 9 retries left
2024-03-28 18:51:57.570175+00:00 [info] <0.248.0> Successfully synced tables from a peer
2024-03-28 18:51:57.573166+00:00 [info] <0.248.0> Waiting for Mnesia tables for 30000 ms, 9 retries left
2024-03-28 18:51:57.573270+00:00 [info] <0.248.0> Successfully synced tables from a peer
2024-03-28 18:51:57.573412+00:00 [info] <0.248.0> Running boot step tracking_metadata_store defined by app rabbit
2024-03-28 18:51:57.573518+00:00 [info] <0.533.0> Setting up a table for connection tracking on this node: tracked_connection
2024-03-28 18:51:57.573578+00:00 [info] <0.533.0> Setting up a table for per-vhost connection counting on this node: tracked_connection_per_vhost
2024-03-28 18:51:57.573628+00:00 [info] <0.533.0> Setting up a table for per-user connection counting on this node: tracked_connection_per_user
2024-03-28 18:51:57.573671+00:00 [info] <0.533.0> Setting up a table for channel tracking on this node: tracked_channel
2024-03-28 18:51:57.573713+00:00 [info] <0.533.0> Setting up a table for channel tracking on this node: tracked_channel_per_user
2024-03-28 18:51:57.573777+00:00 [info] <0.248.0> Running boot step networking_metadata_store defined by app rabbit
2024-03-28 18:51:57.573854+00:00 [info] <0.248.0> Running boot step feature_flags defined by app rabbit
2024-03-28 18:51:57.573985+00:00 [info] <0.248.0> Running boot step codec_correctness_check defined by app rabbit
2024-03-28 18:51:57.574023+00:00 [info] <0.248.0> Running boot step external_infrastructure defined by app rabbit
2024-03-28 18:51:57.574071+00:00 [info] <0.248.0> Running boot step rabbit_event defined by app rabbit
2024-03-28 18:51:57.574235+00:00 [info] <0.248.0> Running boot step rabbit_registry defined by app rabbit
2024-03-28 18:51:57.574315+00:00 [info] <0.248.0> Running boot step rabbit_auth_mechanism_amqplain defined by app rabbit
2024-03-28 18:51:57.574394+00:00 [info] <0.248.0> Running boot step rabbit_auth_mechanism_cr_demo defined by app rabbit
2024-03-28 18:51:57.574547+00:00 [info] <0.248.0> Running boot step rabbit_auth_mechanism_plain defined by app rabbit
2024-03-28 18:51:57.574612+00:00 [info] <0.248.0> Running boot step rabbit_exchange_type_direct defined by app rabbit
2024-03-28 18:51:57.574656+00:00 [info] <0.248.0> Running boot step rabbit_exchange_type_fanout defined by app rabbit
2024-03-28 18:51:57.574746+00:00 [info] <0.248.0> Running boot step rabbit_exchange_type_headers defined by app rabbit
2024-03-28 18:51:57.574795+00:00 [info] <0.248.0> Running boot step rabbit_exchange_type_topic defined by app rabbit
2024-03-28 18:51:57.574823+00:00 [info] <0.248.0> Running boot step rabbit_mirror_queue_mode_all defined by app rabbit
2024-03-28 18:51:57.574867+00:00 [info] <0.248.0> Running boot step rabbit_mirror_queue_mode_exactly defined by app rabbit
2024-03-28 18:51:57.574915+00:00 [info] <0.248.0> Running boot step rabbit_mirror_queue_mode_nodes defined by app rabbit
2024-03-28 18:51:57.574951+00:00 [info] <0.248.0> Running boot step rabbit_priority_queue defined by app rabbit
2024-03-28 18:51:57.574969+00:00 [info] <0.248.0> Priority queues enabled, real BQ is rabbit_variable_queue
2024-03-28 18:51:57.575052+00:00 [info] <0.248.0> Running boot step rabbit_queue_location_client_local defined by app rabbit
2024-03-28 18:51:57.575120+00:00 [info] <0.248.0> Running boot step rabbit_queue_location_min_masters defined by app rabbit
2024-03-28 18:51:57.575154+00:00 [info] <0.248.0> Running boot step rabbit_queue_location_random defined by app rabbit
2024-03-28 18:51:57.575185+00:00 [info] <0.248.0> Running boot step kernel_ready defined by app rabbit
2024-03-28 18:51:57.575208+00:00 [info] <0.248.0> Running boot step rabbit_sysmon_minder defined by app rabbit
2024-03-28 18:51:57.575359+00:00 [info] <0.248.0> Running boot step rabbit_epmd_monitor defined by app rabbit
2024-03-28 18:51:57.576203+00:00 [info] <0.541.0> epmd monitor knows us, inter-node communication (distribution) port: 25672
2024-03-28 18:51:57.576298+00:00 [info] <0.248.0> Running boot step guid_generator defined by app rabbit
2024-03-28 18:51:57.577859+00:00 [info] <0.248.0> Running boot step rabbit_node_monitor defined by app rabbit
2024-03-28 18:51:57.578050+00:00 [info] <0.545.0> Starting rabbit_node_monitor (in ignore mode)
2024-03-28 18:51:57.578138+00:00 [info] <0.248.0> Running boot step delegate_sup defined by app rabbit
2024-03-28 18:51:57.578619+00:00 [info] <0.248.0> Running boot step rabbit_memory_monitor defined by app rabbit
2024-03-28 18:51:57.578795+00:00 [info] <0.248.0> Running boot step rabbit_fifo_dlx_sup defined by app rabbit
2024-03-28 18:51:57.578864+00:00 [info] <0.248.0> Running boot step core_initialized defined by app rabbit
2024-03-28 18:51:57.578882+00:00 [info] <0.248.0> Running boot step rabbit_channel_tracking_handler defined by app rabbit
2024-03-28 18:51:57.578950+00:00 [info] <0.248.0> Running boot step rabbit_connection_tracking_handler defined by app rabbit
2024-03-28 18:51:57.578980+00:00 [info] <0.248.0> Running boot step rabbit_definitions_hashing defined by app rabbit
2024-03-28 18:51:57.579035+00:00 [info] <0.248.0> Running boot step rabbit_exchange_parameters defined by app rabbit
2024-03-28 18:51:57.602259+00:00 [info] <0.248.0> Running boot step rabbit_mirror_queue_misc defined by app rabbit
2024-03-28 18:51:57.602775+00:00 [info] <0.248.0> Running boot step rabbit_policies defined by app rabbit
2024-03-28 18:51:57.603001+00:00 [info] <0.248.0> Running boot step rabbit_policy defined by app rabbit
2024-03-28 18:51:57.603062+00:00 [info] <0.248.0> Running boot step rabbit_queue_location_validator defined by app rabbit
2024-03-28 18:51:57.603122+00:00 [info] <0.248.0> Running boot step rabbit_quorum_memory_manager defined by app rabbit
2024-03-28 18:51:57.603175+00:00 [info] <0.248.0> Running boot step rabbit_quorum_queue defined by app rabbit
2024-03-28 18:51:57.603236+00:00 [info] <0.248.0> Running boot step rabbit_stream_coordinator defined by app rabbit
2024-03-28 18:51:57.603516+00:00 [info] <0.248.0> Running boot step rabbit_vhost_limit defined by app rabbit
2024-03-28 18:51:57.603575+00:00 [info] <0.248.0> Running boot step recovery defined by app rabbit
2024-03-28 18:51:57.615637+00:00 [info] <0.248.0> Running boot step empty_db_check defined by app rabbit
2024-03-28 18:51:57.615690+00:00 [info] <0.248.0> Will seed default virtual host and user...
2024-03-28 18:51:57.615789+00:00 [info] <0.248.0> Adding vhost '/' (description: 'Default virtual host', tags: [])
2024-03-28 18:51:57.616624+00:00 [info] <0.248.0> Inserted a virtual host record {vhost,<<"/">>,[],
2024-03-28 18:51:57.616624+00:00 [info] <0.248.0>                                       #{description =>
2024-03-28 18:51:57.616624+00:00 [info] <0.248.0>                                             <<"Default virtual host">>,
2024-03-28 18:51:57.616624+00:00 [info] <0.248.0>                                         tags => []}}
2024-03-28 18:51:57.620135+00:00 [info] <0.588.0> Making sure data directory '/var/lib/rabbitmq/mnesia/rabbit@73e2d492080d/msg_stores/vhosts/628WB79CIFDYO9LJI6DKMI09L' for vhost '/' exists
2024-03-28 18:51:57.622328+00:00 [info] <0.588.0> Setting segment_entry_count for vhost '/' with 0 queues to '2048'
2024-03-28 18:51:57.630107+00:00 [info] <0.588.0> Starting message stores for vhost '/'
2024-03-28 18:51:57.636074+00:00 [info] <0.598.0> Message store "628WB79CIFDYO9LJI6DKMI09L/msg_store_transient": using rabbit_msg_store_ets_index to provide index
2024-03-28 18:51:57.638424+00:00 [info] <0.588.0> Started message store of type transient for vhost '/'
2024-03-28 18:51:57.638569+00:00 [info] <0.602.0> Message store "628WB79CIFDYO9LJI6DKMI09L/msg_store_persistent": using rabbit_msg_store_ets_index to provide index
2024-03-28 18:51:57.639341+00:00 [warning] <0.602.0> Message store "628WB79CIFDYO9LJI6DKMI09L/msg_store_persistent": rebuilding indices from scratch
2024-03-28 18:51:57.640659+00:00 [info] <0.588.0> Started message store of type persistent for vhost '/'
2024-03-28 18:51:57.640770+00:00 [info] <0.588.0> Recovering 0 queues of type rabbit_classic_queue took 17ms
2024-03-28 18:51:57.640801+00:00 [info] <0.588.0> Recovering 0 queues of type rabbit_quorum_queue took 0ms
2024-03-28 18:51:57.640838+00:00 [info] <0.588.0> Recovering 0 queues of type rabbit_stream_queue took 0ms
2024-03-28 18:51:57.642275+00:00 [info] <0.248.0> Created user 'admin'
2024-03-28 18:51:57.642718+00:00 [info] <0.248.0> Successfully set user tags for user 'admin' to [administrator]
2024-03-28 18:51:57.643173+00:00 [info] <0.248.0> Successfully set permissions for user 'admin' in virtual host '/' to '.*', '.*', '.*'
2024-03-28 18:51:57.643212+00:00 [info] <0.248.0> Running boot step rabbit_observer_cli defined by app rabbit
2024-03-28 18:51:57.643261+00:00 [info] <0.248.0> Running boot step rabbit_looking_glass defined by app rabbit
2024-03-28 18:51:57.643300+00:00 [info] <0.248.0> Running boot step rabbit_core_metrics_gc defined by app rabbit
2024-03-28 18:51:57.643388+00:00 [info] <0.248.0> Running boot step background_gc defined by app rabbit
2024-03-28 18:51:57.643493+00:00 [info] <0.248.0> Running boot step routing_ready defined by app rabbit
2024-03-28 18:51:57.643524+00:00 [info] <0.248.0> Running boot step pre_flight defined by app rabbit
2024-03-28 18:51:57.643555+00:00 [info] <0.248.0> Running boot step notify_cluster defined by app rabbit
2024-03-28 18:51:57.643594+00:00 [info] <0.248.0> Running boot step networking defined by app rabbit
2024-03-28 18:51:57.643641+00:00 [info] <0.248.0> Running boot step rabbit_quorum_queue_periodic_membership_reconciliation defined by app rabbit
2024-03-28 18:51:57.643718+00:00 [info] <0.248.0> Running boot step definition_import_worker_pool defined by app rabbit
2024-03-28 18:51:57.643755+00:00 [info] <0.308.0> Starting worker pool 'definition_import_pool' with 8 processes in it
2024-03-28 18:51:57.644088+00:00 [info] <0.248.0> Running boot step cluster_name defined by app rabbit
2024-03-28 18:51:57.644130+00:00 [info] <0.248.0> Initialising internal cluster ID to 'rabbitmq-cluster-id-H5Y9Yyi3Hyr7hA1AXVQalQ'
2024-03-28 18:51:57.644650+00:00 [info] <0.248.0> Running boot step direct_client defined by app rabbit
2024-03-28 18:51:57.644807+00:00 [info] <0.643.0> Resetting node maintenance status
2024-03-28 18:51:57.644917+00:00 [info] <0.643.0> Ready to start client connection listeners
2024-03-28 18:51:57.665894+00:00 [info] <0.661.0> started TCP listener on [::]:5672
2024-03-28 18:51:57.763357+00:00 [info] <0.643.0> Server startup complete; 0 plugins started.
2024-03-28 18:51:57.850966+00:00 [info] <0.9.0> Time to start RabbitMQ: 3488030 us
2024-03-28 19:41:14.333939+00:00 [info] <0.810.0> accepting AMQP connection <0.810.0> (192.168.65.1:52338 -> 172.19.0.2:5672)
2024-03-28 19:41:14.423048+00:00 [info] <0.810.0> connection <0.810.0> (192.168.65.1:52338 -> 172.19.0.2:5672) has a client-provided name: rabbitConnectionFactory#29861697:0
2024-03-28 19:41:14.430021+00:00 [info] <0.810.0> connection <0.810.0> (192.168.65.1:52338 -> 172.19.0.2:5672 - rabbitConnectionFactory#29861697:0): user 'admin' authenticated and granted access to vhost '/'
2024-03-28 19:41:14.473783+00:00 [warning] <0.820.0> Deprecated features: `transient_nonexcl_queues`: Feature `transient_nonexcl_queues` is deprecated.
2024-03-28 19:41:14.473783+00:00 [warning] <0.820.0> By default, this feature can still be used for now.
2024-03-28 19:41:14.473783+00:00 [warning] <0.820.0> Its use will not be permitted by default in a future minor RabbitMQ version and the feature will be removed from a future major RabbitMQ version; actual versions to be determined.
2024-03-28 19:41:14.473783+00:00 [warning] <0.820.0> To continue using this feature when it is not permitted by default, set the following parameter in your configuration:
2024-03-28 19:41:14.473783+00:00 [warning] <0.820.0>     "deprecated_features.permit.transient_nonexcl_queues = true"
2024-03-28 19:41:14.473783+00:00 [warning] <0.820.0> To test RabbitMQ as if the feature was removed, set this in your configuration:
2024-03-28 19:41:14.473783+00:00 [warning] <0.820.0>     "deprecated_features.permit.transient_nonexcl_queues = false"
2024-03-28 19:47:38.534100+00:00 [info] <0.810.0> closing AMQP connection <0.810.0> (192.168.65.1:52338 -> 172.19.0.2:5672 - rabbitConnectionFactory#29861697:0, vhost: '/', user: 'admin')
2024-03-28 19:54:23.977045+00:00 [info] <0.878.0> accepting AMQP connection <0.878.0> (192.168.65.1:53129 -> 172.19.0.2:5672)
2024-03-28 19:54:24.006742+00:00 [info] <0.878.0> connection <0.878.0> (192.168.65.1:53129 -> 172.19.0.2:5672) has a client-provided name: rabbitConnectionFactory#127df165:0
2024-03-28 19:54:24.019005+00:00 [info] <0.878.0> connection <0.878.0> (192.168.65.1:53129 -> 172.19.0.2:5672 - rabbitConnectionFactory#127df165:0): user 'admin' authenticated and granted access to vhost '/'
2024-03-28 20:33:30.895515+00:00 [info] <0.878.0> closing AMQP connection <0.878.0> (192.168.65.1:53129 -> 172.19.0.2:5672 - rabbitConnectionFactory#127df165:0, vhost: '/', user: 'admin')
2024-03-28 20:34:18.978051+00:00 [notice] <0.64.0> SIGTERM received - shutting down
2024-03-28 20:34:18.978051+00:00 [notice] <0.64.0> 
2024-03-28 20:34:18.985649+00:00 [info] <0.661.0> stopped TCP listener on [::]:5672
2024-03-28 20:34:18.989913+00:00 [info] <0.966.0> Closing all connections in vhost '/' on node 'rabbit@73e2d492080d' because the vhost is stopping
2024-03-28 20:34:18.995308+00:00 [info] <0.602.0> Stopping message store for directory '/var/lib/rabbitmq/mnesia/rabbit@73e2d492080d/msg_stores/vhosts/628WB79CIFDYO9LJI6DKMI09L/msg_store_persistent'
2024-03-28 20:34:19.004068+00:00 [info] <0.602.0> Message store for directory '/var/lib/rabbitmq/mnesia/rabbit@73e2d492080d/msg_stores/vhosts/628WB79CIFDYO9LJI6DKMI09L/msg_store_persistent' is stopped
2024-03-28 20:34:19.004277+00:00 [info] <0.598.0> Stopping message store for directory '/var/lib/rabbitmq/mnesia/rabbit@73e2d492080d/msg_stores/vhosts/628WB79CIFDYO9LJI6DKMI09L/msg_store_transient'
2024-03-28 20:34:19.010515+00:00 [info] <0.598.0> Message store for directory '/var/lib/rabbitmq/mnesia/rabbit@73e2d492080d/msg_stores/vhosts/628WB79CIFDYO9LJI6DKMI09L/msg_store_transient' is stopped
2024-03-29 19:47:16.959089+00:00 [notice] <0.248.0> Logging: configured log handlers are now ACTIVE
2024-03-29 19:47:16.968069+00:00 [info] <0.248.0> ra: starting system quorum_queues
2024-03-29 19:47:16.968173+00:00 [info] <0.248.0> starting Ra system: quorum_queues in directory: /var/lib/rabbitmq/mnesia/rabbit@73e2d492080d/quorum/rabbit@73e2d492080d
2024-03-29 19:47:17.025525+00:00 [info] <0.263.0> ra system 'quorum_queues' running pre init for 0 registered servers
2024-03-29 19:47:17.034265+00:00 [info] <0.264.0> ra: meta data store initialised for system quorum_queues. 0 record(s) recovered
2024-03-29 19:47:17.044978+00:00 [notice] <0.269.0> WAL: ra_log_wal init, open tbls: ra_log_open_mem_tables, closed tbls: ra_log_closed_mem_tables
2024-03-29 19:47:17.052241+00:00 [info] <0.248.0> ra: starting system coordination
2024-03-29 19:47:17.052295+00:00 [info] <0.248.0> starting Ra system: coordination in directory: /var/lib/rabbitmq/mnesia/rabbit@73e2d492080d/coordination/rabbit@73e2d492080d
2024-03-29 19:47:17.053628+00:00 [info] <0.276.0> ra system 'coordination' running pre init for 1 registered servers
2024-03-29 19:47:17.059787+00:00 [info] <0.277.0> ra: meta data store initialised for system coordination. 1 record(s) recovered
2024-03-29 19:47:17.060022+00:00 [notice] <0.282.0> WAL: ra_coordination_log_wal init, open tbls: ra_coordination_log_open_mem_tables, closed tbls: ra_coordination_log_closed_mem_tables
2024-03-29 19:47:17.065512+00:00 [info] <0.248.0> ra: starting system coordination
2024-03-29 19:47:17.065587+00:00 [info] <0.248.0> starting Ra system: coordination in directory: /var/lib/rabbitmq/mnesia/rabbit@73e2d492080d/coordination/rabbit@73e2d492080d
2024-03-29 19:47:17.141184+00:00 [info] <0.248.0> Waiting for Khepri leader for 30000 ms, 9 retries left
2024-03-29 19:47:17.161111+00:00 [info] <0.248.0> Khepri leader elected
2024-03-29 19:47:17.321540+00:00 [notice] <0.286.0> RabbitMQ metadata store: candidate -> leader in term: 2 machine version: 0
2024-03-29 19:47:17.608121+00:00 [info] <0.248.0> 
2024-03-29 19:47:17.608121+00:00 [info] <0.248.0>  Starting RabbitMQ 3.13.0 on Erlang 26.2.2 [jit]
2024-03-29 19:47:17.608121+00:00 [info] <0.248.0>  Copyright (c) 2007-2024 Broadcom Inc and/or its subsidiaries
2024-03-29 19:47:17.608121+00:00 [info] <0.248.0>  Licensed under the MPL 2.0. Website: https://rabbitmq.com
2024-03-29 19:47:17.609522+00:00 [info] <0.248.0> 
2024-03-29 19:47:17.609522+00:00 [info] <0.248.0>  node           : rabbit@73e2d492080d
2024-03-29 19:47:17.609522+00:00 [info] <0.248.0>  home dir       : /var/lib/rabbitmq
2024-03-29 19:47:17.609522+00:00 [info] <0.248.0>  config file(s) : (none)
2024-03-29 19:47:17.609522+00:00 [info] <0.248.0>  cookie hash    : ncJJ1JZJg1+ufIbiKSjREw==
2024-03-29 19:47:17.609522+00:00 [info] <0.248.0>  log(s)         : /var/log/rabbitmq/rabbit@73e2d492080d.log
2024-03-29 19:47:17.609522+00:00 [info] <0.248.0>                 : <stdout>
2024-03-29 19:47:17.609522+00:00 [info] <0.248.0>  data dir       : /var/lib/rabbitmq/mnesia/rabbit@73e2d492080d
2024-03-29 19:47:17.681945+00:00 [info] <0.248.0> Running boot step pre_boot defined by app rabbit
2024-03-29 19:47:17.681999+00:00 [info] <0.248.0> Running boot step rabbit_global_counters defined by app rabbit
2024-03-29 19:47:17.682223+00:00 [info] <0.248.0> Running boot step rabbit_osiris_metrics defined by app rabbit
2024-03-29 19:47:17.682308+00:00 [info] <0.248.0> Running boot step rabbit_core_metrics defined by app rabbit
2024-03-29 19:47:17.682822+00:00 [info] <0.248.0> Running boot step rabbit_alarm defined by app rabbit
2024-03-29 19:47:17.694820+00:00 [info] <0.393.0> Memory high watermark set to 1569 MiB (1645530316 bytes) of 3923 MiB (4113825792 bytes) total
2024-03-29 19:47:17.697973+00:00 [info] <0.395.0> Enabling free disk space monitoring (disk free space: 51374759936, total memory: 4113825792)
2024-03-29 19:47:17.698018+00:00 [info] <0.395.0> Disk free limit set to 50MB
2024-03-29 19:47:17.699506+00:00 [info] <0.248.0> Running boot step code_server_cache defined by app rabbit
2024-03-29 19:47:17.699585+00:00 [info] <0.248.0> Running boot step file_handle_cache defined by app rabbit
2024-03-29 19:47:17.704873+00:00 [info] <0.398.0> Limiting to approx 1048479 file handles (943629 sockets)
2024-03-29 19:47:17.704974+00:00 [info] <0.399.0> FHC read buffering: OFF
2024-03-29 19:47:17.705002+00:00 [info] <0.399.0> FHC write buffering: ON
2024-03-29 19:47:17.705375+00:00 [info] <0.248.0> Running boot step worker_pool defined by app rabbit
2024-03-29 19:47:17.705433+00:00 [info] <0.331.0> Will use 8 processes for default worker pool
2024-03-29 19:47:17.705461+00:00 [info] <0.331.0> Starting worker pool 'worker_pool' with 8 processes in it
2024-03-29 19:47:17.705806+00:00 [info] <0.248.0> Running boot step database defined by app rabbit
2024-03-29 19:47:17.706691+00:00 [info] <0.248.0> Peer discovery: configured backend: rabbit_peer_discovery_classic_config
2024-03-29 19:47:17.708919+00:00 [info] <0.248.0> Waiting for Mnesia tables for 30000 ms, 9 retries left
2024-03-29 19:47:17.709137+00:00 [info] <0.248.0> Successfully synced tables from a peer
2024-03-29 19:47:17.712254+00:00 [info] <0.248.0> Waiting for Mnesia tables for 30000 ms, 9 retries left
2024-03-29 19:47:17.712316+00:00 [info] <0.248.0> Successfully synced tables from a peer
2024-03-29 19:47:17.712406+00:00 [info] <0.248.0> Running boot step tracking_metadata_store defined by app rabbit
2024-03-29 19:47:17.712456+00:00 [info] <0.417.0> Setting up a table for connection tracking on this node: tracked_connection
2024-03-29 19:47:17.712506+00:00 [info] <0.417.0> Setting up a table for per-vhost connection counting on this node: tracked_connection_per_vhost
2024-03-29 19:47:17.712576+00:00 [info] <0.417.0> Setting up a table for per-user connection counting on this node: tracked_connection_per_user
2024-03-29 19:47:17.712619+00:00 [info] <0.417.0> Setting up a table for channel tracking on this node: tracked_channel
2024-03-29 19:47:17.712674+00:00 [info] <0.417.0> Setting up a table for channel tracking on this node: tracked_channel_per_user
2024-03-29 19:47:17.712750+00:00 [info] <0.248.0> Running boot step networking_metadata_store defined by app rabbit
2024-03-29 19:47:17.712827+00:00 [info] <0.248.0> Running boot step feature_flags defined by app rabbit
2024-03-29 19:47:17.712913+00:00 [info] <0.248.0> Running boot step codec_correctness_check defined by app rabbit
2024-03-29 19:47:17.712932+00:00 [info] <0.248.0> Running boot step external_infrastructure defined by app rabbit
2024-03-29 19:47:17.712976+00:00 [info] <0.248.0> Running boot step rabbit_event defined by app rabbit
2024-03-29 19:47:17.713070+00:00 [info] <0.248.0> Running boot step rabbit_registry defined by app rabbit
2024-03-29 19:47:17.713120+00:00 [info] <0.248.0> Running boot step rabbit_auth_mechanism_amqplain defined by app rabbit
2024-03-29 19:47:17.713176+00:00 [info] <0.248.0> Running boot step rabbit_auth_mechanism_cr_demo defined by app rabbit
2024-03-29 19:47:17.713217+00:00 [info] <0.248.0> Running boot step rabbit_auth_mechanism_plain defined by app rabbit
2024-03-29 19:47:17.713252+00:00 [info] <0.248.0> Running boot step rabbit_exchange_type_direct defined by app rabbit
2024-03-29 19:47:17.713298+00:00 [info] <0.248.0> Running boot step rabbit_exchange_type_fanout defined by app rabbit
2024-03-29 19:47:17.713344+00:00 [info] <0.248.0> Running boot step rabbit_exchange_type_headers defined by app rabbit
2024-03-29 19:47:17.713389+00:00 [info] <0.248.0> Running boot step rabbit_exchange_type_topic defined by app rabbit
2024-03-29 19:47:17.713522+00:00 [info] <0.248.0> Running boot step rabbit_mirror_queue_mode_all defined by app rabbit
2024-03-29 19:47:17.713610+00:00 [info] <0.248.0> Running boot step rabbit_mirror_queue_mode_exactly defined by app rabbit
2024-03-29 19:47:17.713681+00:00 [info] <0.248.0> Running boot step rabbit_mirror_queue_mode_nodes defined by app rabbit
2024-03-29 19:47:17.713741+00:00 [info] <0.248.0> Running boot step rabbit_priority_queue defined by app rabbit
2024-03-29 19:47:17.713779+00:00 [info] <0.248.0> Priority queues enabled, real BQ is rabbit_variable_queue
2024-03-29 19:47:17.713841+00:00 [info] <0.248.0> Running boot step rabbit_queue_location_client_local defined by app rabbit
2024-03-29 19:47:17.713893+00:00 [info] <0.248.0> Running boot step rabbit_queue_location_min_masters defined by app rabbit
2024-03-29 19:47:17.713944+00:00 [info] <0.248.0> Running boot step rabbit_queue_location_random defined by app rabbit
2024-03-29 19:47:17.714015+00:00 [info] <0.248.0> Running boot step kernel_ready defined by app rabbit
2024-03-29 19:47:17.714054+00:00 [info] <0.248.0> Running boot step rabbit_sysmon_minder defined by app rabbit
2024-03-29 19:47:17.714205+00:00 [info] <0.248.0> Running boot step rabbit_epmd_monitor defined by app rabbit
2024-03-29 19:47:17.715332+00:00 [info] <0.425.0> epmd monitor knows us, inter-node communication (distribution) port: 25672
2024-03-29 19:47:17.715405+00:00 [info] <0.248.0> Running boot step guid_generator defined by app rabbit
2024-03-29 19:47:17.716859+00:00 [info] <0.248.0> Running boot step rabbit_node_monitor defined by app rabbit
2024-03-29 19:47:17.716996+00:00 [info] <0.429.0> Starting rabbit_node_monitor (in ignore mode)
2024-03-29 19:47:17.717057+00:00 [info] <0.248.0> Running boot step delegate_sup defined by app rabbit
2024-03-29 19:47:17.717391+00:00 [info] <0.248.0> Running boot step rabbit_memory_monitor defined by app rabbit
2024-03-29 19:47:17.717568+00:00 [info] <0.248.0> Running boot step rabbit_fifo_dlx_sup defined by app rabbit
2024-03-29 19:47:17.717645+00:00 [info] <0.248.0> Running boot step core_initialized defined by app rabbit
2024-03-29 19:47:17.717676+00:00 [info] <0.248.0> Running boot step rabbit_channel_tracking_handler defined by app rabbit
2024-03-29 19:47:17.717761+00:00 [info] <0.248.0> Running boot step rabbit_connection_tracking_handler defined by app rabbit
2024-03-29 19:47:17.717813+00:00 [info] <0.248.0> Running boot step rabbit_definitions_hashing defined by app rabbit
2024-03-29 19:47:17.717862+00:00 [info] <0.248.0> Running boot step rabbit_exchange_parameters defined by app rabbit
2024-03-29 19:47:17.728726+00:00 [info] <0.248.0> Running boot step rabbit_mirror_queue_misc defined by app rabbit
2024-03-29 19:47:17.729164+00:00 [info] <0.248.0> Running boot step rabbit_policies defined by app rabbit
2024-03-29 19:47:17.729394+00:00 [info] <0.248.0> Running boot step rabbit_policy defined by app rabbit
2024-03-29 19:47:17.729454+00:00 [info] <0.248.0> Running boot step rabbit_queue_location_validator defined by app rabbit
2024-03-29 19:47:17.729521+00:00 [info] <0.248.0> Running boot step rabbit_quorum_memory_manager defined by app rabbit
2024-03-29 19:47:17.729570+00:00 [info] <0.248.0> Running boot step rabbit_quorum_queue defined by app rabbit
2024-03-29 19:47:17.729633+00:00 [info] <0.248.0> Running boot step rabbit_stream_coordinator defined by app rabbit
2024-03-29 19:47:17.729746+00:00 [info] <0.248.0> Running boot step rabbit_vhost_limit defined by app rabbit
2024-03-29 19:47:17.729811+00:00 [info] <0.248.0> Running boot step recovery defined by app rabbit
2024-03-29 19:47:17.740305+00:00 [info] <0.462.0> Making sure data directory '/var/lib/rabbitmq/mnesia/rabbit@73e2d492080d/msg_stores/vhosts/628WB79CIFDYO9LJI6DKMI09L' for vhost '/' exists
2024-03-29 19:47:17.748883+00:00 [info] <0.462.0> Starting message stores for vhost '/'
2024-03-29 19:47:17.754466+00:00 [info] <0.472.0> Message store "628WB79CIFDYO9LJI6DKMI09L/msg_store_transient": using rabbit_msg_store_ets_index to provide index
2024-03-29 19:47:17.759835+00:00 [info] <0.462.0> Started message store of type transient for vhost '/'
2024-03-29 19:47:17.760006+00:00 [info] <0.476.0> Message store "628WB79CIFDYO9LJI6DKMI09L/msg_store_persistent": using rabbit_msg_store_ets_index to provide index
2024-03-29 19:47:17.763570+00:00 [info] <0.462.0> Started message store of type persistent for vhost '/'
2024-03-29 19:47:17.763673+00:00 [info] <0.462.0> Recovering 0 queues of type rabbit_classic_queue took 21ms
2024-03-29 19:47:17.763707+00:00 [info] <0.462.0> Recovering 0 queues of type rabbit_quorum_queue took 0ms
2024-03-29 19:47:17.763745+00:00 [info] <0.462.0> Recovering 0 queues of type rabbit_stream_queue took 0ms
2024-03-29 19:47:17.765305+00:00 [info] <0.248.0> Running boot step empty_db_check defined by app rabbit
2024-03-29 19:47:17.765385+00:00 [info] <0.248.0> Will not seed default virtual host and user: have definitions to load...
2024-03-29 19:47:17.765438+00:00 [info] <0.248.0> Running boot step rabbit_observer_cli defined by app rabbit
2024-03-29 19:47:17.765541+00:00 [info] <0.248.0> Running boot step rabbit_looking_glass defined by app rabbit
2024-03-29 19:47:17.765571+00:00 [info] <0.248.0> Running boot step rabbit_core_metrics_gc defined by app rabbit
2024-03-29 19:47:17.765738+00:00 [info] <0.248.0> Running boot step background_gc defined by app rabbit
2024-03-29 19:47:17.765851+00:00 [info] <0.248.0> Running boot step routing_ready defined by app rabbit
2024-03-29 19:47:17.765917+00:00 [info] <0.248.0> Running boot step pre_flight defined by app rabbit
2024-03-29 19:47:17.765966+00:00 [info] <0.248.0> Running boot step notify_cluster defined by app rabbit
2024-03-29 19:47:17.766020+00:00 [info] <0.248.0> Running boot step networking defined by app rabbit
2024-03-29 19:47:17.766070+00:00 [info] <0.248.0> Running boot step rabbit_quorum_queue_periodic_membership_reconciliation defined by app rabbit
2024-03-29 19:47:17.766233+00:00 [info] <0.248.0> Running boot step definition_import_worker_pool defined by app rabbit
2024-03-29 19:47:17.766292+00:00 [info] <0.331.0> Starting worker pool 'definition_import_pool' with 8 processes in it
2024-03-29 19:47:17.766810+00:00 [info] <0.248.0> Running boot step cluster_name defined by app rabbit
2024-03-29 19:47:17.766859+00:00 [info] <0.248.0> Running boot step direct_client defined by app rabbit
2024-03-29 19:47:17.767117+00:00 [info] <0.520.0> Resetting node maintenance status
2024-03-29 19:47:17.767213+00:00 [info] <0.520.0> Ready to start client connection listeners
2024-03-29 19:47:17.799960+00:00 [info] <0.538.0> started TCP listener on [::]:5672
2024-03-29 19:47:17.896435+00:00 [info] <0.520.0> Server startup complete; 0 plugins started.
2024-03-29 19:47:17.968874+00:00 [info] <0.9.0> Time to start RabbitMQ: 3331193 us
2024-03-29 19:47:45.978829+00:00 [info] <0.542.0> accepting AMQP connection <0.542.0> (192.168.65.1:59720 -> 172.19.0.2:5672)
2024-03-29 19:47:46.059431+00:00 [info] <0.542.0> connection <0.542.0> (192.168.65.1:59720 -> 172.19.0.2:5672) has a client-provided name: rabbitConnectionFactory#4fa61f82:0
2024-03-29 19:47:46.067918+00:00 [info] <0.542.0> connection <0.542.0> (192.168.65.1:59720 -> 172.19.0.2:5672 - rabbitConnectionFactory#4fa61f82:0): user 'admin' authenticated and granted access to vhost '/'
2024-03-29 19:47:46.119894+00:00 [warning] <0.552.0> Deprecated features: `transient_nonexcl_queues`: Feature `transient_nonexcl_queues` is deprecated.
2024-03-29 19:47:46.119894+00:00 [warning] <0.552.0> By default, this feature can still be used for now.
2024-03-29 19:47:46.119894+00:00 [warning] <0.552.0> Its use will not be permitted by default in a future minor RabbitMQ version and the feature will be removed from a future major RabbitMQ version; actual versions to be determined.
2024-03-29 19:47:46.119894+00:00 [warning] <0.552.0> To continue using this feature when it is not permitted by default, set the following parameter in your configuration:
2024-03-29 19:47:46.119894+00:00 [warning] <0.552.0>     "deprecated_features.permit.transient_nonexcl_queues = true"
2024-03-29 19:47:46.119894+00:00 [warning] <0.552.0> To test RabbitMQ as if the feature was removed, set this in your configuration:
2024-03-29 19:47:46.119894+00:00 [warning] <0.552.0>     "deprecated_features.permit.transient_nonexcl_queues = false"
2024-03-29 19:52:25.902137+00:00 [info] <0.542.0> closing AMQP connection <0.542.0> (192.168.65.1:59720 -> 172.19.0.2:5672 - rabbitConnectionFactory#4fa61f82:0, vhost: '/', user: 'admin')
2024-03-29 19:53:20.753371+00:00 [info] <0.582.0> accepting AMQP connection <0.582.0> (192.168.65.1:60117 -> 172.19.0.2:5672)
2024-03-29 19:53:20.781851+00:00 [info] <0.582.0> connection <0.582.0> (192.168.65.1:60117 -> 172.19.0.2:5672) has a client-provided name: rabbitConnectionFactory#2c9ae319:0
2024-03-29 19:53:20.787642+00:00 [info] <0.582.0> connection <0.582.0> (192.168.65.1:60117 -> 172.19.0.2:5672 - rabbitConnectionFactory#2c9ae319:0): user 'admin' authenticated and granted access to vhost '/'
2024-03-29 19:58:03.520377+00:00 [info] <0.582.0> closing AMQP connection <0.582.0> (192.168.65.1:60117 -> 172.19.0.2:5672 - rabbitConnectionFactory#2c9ae319:0, vhost: '/', user: 'admin')
2024-03-29 19:58:28.684706+00:00 [info] <0.611.0> accepting AMQP connection <0.611.0> (192.168.65.1:60490 -> 172.19.0.2:5672)
2024-03-29 19:58:28.721919+00:00 [info] <0.611.0> connection <0.611.0> (192.168.65.1:60490 -> 172.19.0.2:5672) has a client-provided name: rabbitConnectionFactory#3784b1c8:0
2024-03-29 19:58:28.727804+00:00 [info] <0.611.0> connection <0.611.0> (192.168.65.1:60490 -> 172.19.0.2:5672 - rabbitConnectionFactory#3784b1c8:0): user 'admin' authenticated and granted access to vhost '/'
2024-03-29 20:02:24.753755+00:00 [info] <0.611.0> closing AMQP connection <0.611.0> (192.168.65.1:60490 -> 172.19.0.2:5672 - rabbitConnectionFactory#3784b1c8:0, vhost: '/', user: 'admin')
2024-03-29 20:02:48.503061+00:00 [info] <0.640.0> accepting AMQP connection <0.640.0> (192.168.65.1:60803 -> 172.19.0.2:5672)
2024-03-29 20:02:48.549064+00:00 [info] <0.640.0> connection <0.640.0> (192.168.65.1:60803 -> 172.19.0.2:5672) has a client-provided name: rabbitConnectionFactory#2ee7f0a3:0
2024-03-29 20:02:48.555427+00:00 [info] <0.640.0> connection <0.640.0> (192.168.65.1:60803 -> 172.19.0.2:5672 - rabbitConnectionFactory#2ee7f0a3:0): user 'admin' authenticated and granted access to vhost '/'
2024-03-29 20:10:12.226780+00:00 [info] <0.640.0> closing AMQP connection <0.640.0> (192.168.65.1:60803 -> 172.19.0.2:5672 - rabbitConnectionFactory#2ee7f0a3:0, vhost: '/', user: 'admin')
2024-03-29 20:10:32.877272+00:00 [info] <0.679.0> accepting AMQP connection <0.679.0> (192.168.65.1:61356 -> 172.19.0.2:5672)
2024-03-29 20:10:32.907585+00:00 [info] <0.679.0> connection <0.679.0> (192.168.65.1:61356 -> 172.19.0.2:5672) has a client-provided name: rabbitConnectionFactory#44939b16:0
2024-03-29 20:10:32.913569+00:00 [info] <0.679.0> connection <0.679.0> (192.168.65.1:61356 -> 172.19.0.2:5672 - rabbitConnectionFactory#44939b16:0): user 'admin' authenticated and granted access to vhost '/'
2024-03-29 20:14:49.952415+00:00 [info] <0.679.0> closing AMQP connection <0.679.0> (192.168.65.1:61356 -> 172.19.0.2:5672 - rabbitConnectionFactory#44939b16:0, vhost: '/', user: 'admin')
2024-03-29 20:15:17.757041+00:00 [info] <0.709.0> accepting AMQP connection <0.709.0> (192.168.65.1:61705 -> 172.19.0.2:5672)
2024-03-29 20:15:17.794489+00:00 [info] <0.709.0> connection <0.709.0> (192.168.65.1:61705 -> 172.19.0.2:5672) has a client-provided name: rabbitConnectionFactory#3a28e284:0
2024-03-29 20:15:17.801104+00:00 [info] <0.709.0> connection <0.709.0> (192.168.65.1:61705 -> 172.19.0.2:5672 - rabbitConnectionFactory#3a28e284:0): user 'admin' authenticated and granted access to vhost '/'
2024-03-29 20:28:50.697130+00:00 [info] <0.709.0> closing AMQP connection <0.709.0> (192.168.65.1:61705 -> 172.19.0.2:5672 - rabbitConnectionFactory#3a28e284:0, vhost: '/', user: 'admin')
2024-03-29 20:29:27.003474+00:00 [info] <0.768.0> accepting AMQP connection <0.768.0> (192.168.65.1:62726 -> 172.19.0.2:5672)
2024-03-29 20:29:27.041502+00:00 [info] <0.768.0> connection <0.768.0> (192.168.65.1:62726 -> 172.19.0.2:5672) has a client-provided name: rabbitConnectionFactory#49cb798d:0
2024-03-29 20:29:27.046010+00:00 [info] <0.768.0> connection <0.768.0> (192.168.65.1:62726 -> 172.19.0.2:5672 - rabbitConnectionFactory#49cb798d:0): user 'admin' authenticated and granted access to vhost '/'
2024-03-29 20:42:39.880306+00:00 [info] <0.768.0> closing AMQP connection <0.768.0> (192.168.65.1:62726 -> 172.19.0.2:5672 - rabbitConnectionFactory#49cb798d:0, vhost: '/', user: 'admin')
2024-03-29 20:43:13.905225+00:00 [info] <0.819.0> accepting AMQP connection <0.819.0> (192.168.65.1:63711 -> 172.19.0.2:5672)
2024-03-29 20:43:13.943781+00:00 [info] <0.819.0> connection <0.819.0> (192.168.65.1:63711 -> 172.19.0.2:5672) has a client-provided name: rabbitConnectionFactory#5846502b:0
2024-03-29 20:43:13.949663+00:00 [info] <0.819.0> connection <0.819.0> (192.168.65.1:63711 -> 172.19.0.2:5672 - rabbitConnectionFactory#5846502b:0): user 'admin' authenticated and granted access to vhost '/'
2024-03-30 06:09:59.426332+00:00 [info] <0.819.0> closing AMQP connection <0.819.0> (192.168.65.1:63711 -> 172.19.0.2:5672 - rabbitConnectionFactory#5846502b:0, vhost: '/', user: 'admin')
2024-03-30 17:07:57.982117+00:00 [info] <0.2548.0> accepting AMQP connection <0.2548.0> (192.168.65.1:60644 -> 172.19.0.2:5672)
2024-03-30 17:07:58.018341+00:00 [info] <0.2548.0> connection <0.2548.0> (192.168.65.1:60644 -> 172.19.0.2:5672) has a client-provided name: rabbitConnectionFactory#2dd4075b:0
2024-03-30 17:07:58.035482+00:00 [info] <0.2548.0> connection <0.2548.0> (192.168.65.1:60644 -> 172.19.0.2:5672 - rabbitConnectionFactory#2dd4075b:0): user 'admin' authenticated and granted access to vhost '/'
2024-03-30 17:13:26.914958+00:00 [info] <0.2548.0> closing AMQP connection <0.2548.0> (192.168.65.1:60644 -> 172.19.0.2:5672 - rabbitConnectionFactory#2dd4075b:0, vhost: '/', user: 'admin')
2024-03-30 17:14:05.770589+00:00 [info] <0.2582.0> accepting AMQP connection <0.2582.0> (192.168.65.1:61533 -> 172.19.0.2:5672)
2024-03-30 17:14:05.806898+00:00 [info] <0.2582.0> connection <0.2582.0> (192.168.65.1:61533 -> 172.19.0.2:5672) has a client-provided name: rabbitConnectionFactory#33a51b41:0
2024-03-30 17:14:05.813253+00:00 [info] <0.2582.0> connection <0.2582.0> (192.168.65.1:61533 -> 172.19.0.2:5672 - rabbitConnectionFactory#33a51b41:0): user 'admin' authenticated and granted access to vhost '/'
2024-03-30 17:16:42.409960+00:00 [info] <0.2582.0> closing AMQP connection <0.2582.0> (192.168.65.1:61533 -> 172.19.0.2:5672 - rabbitConnectionFactory#33a51b41:0, vhost: '/', user: 'admin')
2024-03-30 17:17:17.946712+00:00 [info] <0.2610.0> accepting AMQP connection <0.2610.0> (192.168.65.1:61990 -> 172.19.0.2:5672)
2024-03-30 17:17:17.980716+00:00 [info] <0.2610.0> connection <0.2610.0> (192.168.65.1:61990 -> 172.19.0.2:5672) has a client-provided name: rabbitConnectionFactory#3aa009ee:0
2024-03-30 17:17:17.986992+00:00 [info] <0.2610.0> connection <0.2610.0> (192.168.65.1:61990 -> 172.19.0.2:5672 - rabbitConnectionFactory#3aa009ee:0): user 'admin' authenticated and granted access to vhost '/'
2024-03-30 17:19:27.537338+00:00 [info] <0.2610.0> closing AMQP connection <0.2610.0> (192.168.65.1:61990 -> 172.19.0.2:5672 - rabbitConnectionFactory#3aa009ee:0, vhost: '/', user: 'admin')
2024-03-30 17:20:29.772083+00:00 [info] <0.2634.0> accepting AMQP connection <0.2634.0> (192.168.65.1:62447 -> 172.19.0.2:5672)
2024-03-30 17:20:29.802942+00:00 [info] <0.2634.0> connection <0.2634.0> (192.168.65.1:62447 -> 172.19.0.2:5672) has a client-provided name: rabbitConnectionFactory#3e3832e7:0
2024-03-30 17:20:29.809056+00:00 [info] <0.2634.0> connection <0.2634.0> (192.168.65.1:62447 -> 172.19.0.2:5672 - rabbitConnectionFactory#3e3832e7:0): user 'admin' authenticated and granted access to vhost '/'
2024-03-30 17:21:07.126387+00:00 [info] <0.2634.0> closing AMQP connection <0.2634.0> (192.168.65.1:62447 -> 172.19.0.2:5672 - rabbitConnectionFactory#3e3832e7:0, vhost: '/', user: 'admin')
2024-03-30 17:21:27.997524+00:00 [info] <0.2657.0> accepting AMQP connection <0.2657.0> (192.168.65.1:62592 -> 172.19.0.2:5672)
2024-03-30 17:21:28.028607+00:00 [info] <0.2657.0> connection <0.2657.0> (192.168.65.1:62592 -> 172.19.0.2:5672) has a client-provided name: rabbitConnectionFactory#4999ae2b:0
2024-03-30 17:21:28.033622+00:00 [info] <0.2657.0> connection <0.2657.0> (192.168.65.1:62592 -> 172.19.0.2:5672 - rabbitConnectionFactory#4999ae2b:0): user 'admin' authenticated and granted access to vhost '/'
2024-03-30 17:23:10.305431+00:00 [info] <0.2657.0> closing AMQP connection <0.2657.0> (192.168.65.1:62592 -> 172.19.0.2:5672 - rabbitConnectionFactory#4999ae2b:0, vhost: '/', user: 'admin')
2024-03-30 17:23:34.489414+00:00 [info] <0.2680.0> accepting AMQP connection <0.2680.0> (192.168.65.1:62905 -> 172.19.0.2:5672)
2024-03-30 17:23:34.525601+00:00 [info] <0.2680.0> connection <0.2680.0> (192.168.65.1:62905 -> 172.19.0.2:5672) has a client-provided name: rabbitConnectionFactory#78f40a10:0
2024-03-30 17:23:34.530854+00:00 [info] <0.2680.0> connection <0.2680.0> (192.168.65.1:62905 -> 172.19.0.2:5672 - rabbitConnectionFactory#78f40a10:0): user 'admin' authenticated and granted access to vhost '/'
2024-03-30 17:38:36.392468+00:00 [info] <0.2680.0> closing AMQP connection <0.2680.0> (192.168.65.1:62905 -> 172.19.0.2:5672 - rabbitConnectionFactory#78f40a10:0, vhost: '/', user: 'admin')
2024-03-30 17:54:22.527441+00:00 [notice] <0.64.0> SIGTERM received - shutting down
2024-03-30 17:54:22.527441+00:00 [notice] <0.64.0> 
2024-03-30 17:54:22.538813+00:00 [info] <0.538.0> stopped TCP listener on [::]:5672
2024-03-30 17:54:22.545929+00:00 [info] <0.2778.0> Closing all connections in vhost '/' on node 'rabbit@73e2d492080d' because the vhost is stopping
2024-03-30 17:54:22.553495+00:00 [info] <0.476.0> Stopping message store for directory '/var/lib/rabbitmq/mnesia/rabbit@73e2d492080d/msg_stores/vhosts/628WB79CIFDYO9LJI6DKMI09L/msg_store_persistent'
2024-03-30 17:54:22.562685+00:00 [info] <0.476.0> Message store for directory '/var/lib/rabbitmq/mnesia/rabbit@73e2d492080d/msg_stores/vhosts/628WB79CIFDYO9LJI6DKMI09L/msg_store_persistent' is stopped
2024-03-30 17:54:22.562813+00:00 [info] <0.472.0> Stopping message store for directory '/var/lib/rabbitmq/mnesia/rabbit@73e2d492080d/msg_stores/vhosts/628WB79CIFDYO9LJI6DKMI09L/msg_store_transient'
2024-03-30 17:54:22.570591+00:00 [info] <0.472.0> Message store for directory '/var/lib/rabbitmq/mnesia/rabbit@73e2d492080d/msg_stores/vhosts/628WB79CIFDYO9LJI6DKMI09L/msg_store_transient' is stopped
